0 info it worked if it ends with ok
1 verbose cli [ '/opt/node/bin/node', '/opt/node/bin/npm', 'start' ]
2 info using npm@3.10.10
3 info using node@v6.10.3
4 verbose config Skipping project config: /home/xujijun/.npmrc. (matches userconfig)
5 verbose stack Error: ENOENT: no such file or directory, open '/home/xujijun/package.json'
5 verbose stack     at Error (native)
6 verbose cwd /home/xujijun/code_workspace/web/uwp_proj_server
7 error Linux 4.10.0-20-generic
8 error argv "/opt/node/bin/node" "/opt/node/bin/npm" "start"
9 error node v6.10.3
10 error npm  v3.10.10
11 error path /home/xujijun/package.json
12 error code ENOENT
13 error errno -2
14 error syscall open
15 error enoent ENOENT: no such file or directory, open '/home/xujijun/package.json'
16 error enoent ENOENT: no such file or directory, open '/home/xujijun/package.json'
16 error enoent This is most likely not a problem with npm itself
16 error enoent and is related to npm not being able to find a file.
17 verbose exit [ -2, true ]
